============================= test session starts ==============================
platform darwin -- Python 3.9.6, pytest-8.4.2, pluggy-1.6.0 -- /Users/karelgoense/Documents/programming/FreshMinds_Programming/production/ai_trial/.venv/bin/python3
cachedir: .pytest_cache
metadata: {'Python': '3.9.6', 'Platform': 'macOS-26.2-arm64-arm-64bit', 'Packages': {'pytest': '8.4.2', 'pluggy': '1.6.0'}, 'Plugins': {'anyio': '4.12.1', 'mock': '3.15.1', 'metadata': '3.1.1', 'html': '4.2.0', 'cov': '7.0.0'}}
rootdir: /Users/karelgoense/Documents/programming/FreshMinds_Programming/production/ai_trial
configfile: pyproject.toml
plugins: anyio-4.12.1, mock-3.15.1, metadata-3.1.1, html-4.2.0, cov-7.0.0
collecting ... collected 22 items

tests/sso/test_api_authorization.py::test_access_token_claim_mapping PASSED [  4%]
tests/sso/test_api_authorization.py::test_keycloak_userinfo_authorization PASSED [  9%]
tests/sso/test_api_authorization.py::test_keycloak_admin_api_requires_elevated_role PASSED [ 13%]
tests/sso/test_api_authorization.py::test_configured_protected_api_matrix SKIPPED [ 18%]
tests/sso/test_browser_flows.py::test_unauthenticated_access_redirects_to_keycloak[chromium] PASSED [ 22%]
tests/sso/test_browser_flows.py::test_login_establishes_session_for_each_app[chromium] PASSED [ 27%]
tests/sso/test_browser_flows.py::test_cross_app_sso_uses_existing_session[chromium] PASSED [ 31%]
tests/sso/test_browser_flows.py::test_logout_propagation_matches_expected_design[chromium] PASSED [ 36%]
tests/sso/test_browser_flows.py::test_session_expiry_behavior[chromium] SKIPPED [ 40%]
tests/sso/test_browser_flows.py::test_mfa_prompt_or_completion[chromium] SKIPPED [ 45%]
tests/sso/test_negative_security.py::test_redirect_uri_injection_rejected PASSED [ 50%]
tests/sso/test_negative_security.py::test_invalid_code_verifier_rejected PASSED [ 54%]
tests/sso/test_negative_security.py::test_token_substitution_audience_protection PASSED [ 59%]
tests/sso/test_negative_security.py::test_clock_skew_handling_sanity PASSED [ 63%]
tests/sso/test_negative_security.py::test_refresh_token_rotation_behavior SKIPPEDrue|false to enforce)) [ 68%]
tests/sso/test_negative_security.py::test_logout_capabilities_discovery PASSED [ 72%]
tests/sso/test_smoke_config.py::test_openid_configuration_reachable_for_each_realm PASSED [ 77%]
tests/sso/test_smoke_config.py::test_jwks_endpoint_reachable_and_keys_parseable PASSED [ 81%]
tests/sso/test_smoke_config.py::test_client_redirect_uris_match_inventory PASSED [ 86%]
tests/sso/test_smoke_config.py::test_auth_code_pkce_token_exchange_per_client PASSED [ 90%]
tests/sso/test_smoke_config.py::test_https_enforcement_when_required SKIPPED [ 95%]
tests/sso/test_smoke_config.py::test_logout_endpoint_published PASSED    [100%]

- generated xml file: /Users/karelgoense/Documents/programming/FreshMinds_Programming/production/ai_trial/tests/sso/artifacts/junit-20260218T065536Z.xml -
======================== 17 passed, 5 skipped in 16.28s ========================
