<?xml version="1.0" encoding="utf-8"?><testsuites name="pytest tests"><testsuite name="pytest" errors="0" failures="6" skipped="5" tests="22" time="12.835" timestamp="2026-02-18T07:30:40.378897+01:00" hostname="Karels-MacBook-Pro.local"><testcase classname="tests.sso.test_api_authorization" name="test_access_token_claim_mapping" time="0.175"><failure message="AssertionError: aud claim missing&#10;assert (False)&#10; +  where False = isinstance(None, str)">sso_settings = SSOSettings(repo_root=PosixPath('/Users/karelgoense/Documents/programming/FreshMinds_Programming/production/ai_trial')...ng/production/ai_trial/ops/keycloak/odp-realm.json'), session_idle_timeout_seconds=None, run_session_expiry_test=False)
keycloak_metadata = {'authorization_endpoint': 'http://localhost:8090/realms/odp/protocol/openid-connect/auth', 'end_session_endpoint': 'h... 'http://localhost:8090/realms/odp', 'jwks_uri': 'http://localhost:8090/realms/odp/protocol/openid-connect/certs', ...}
issued_tokens = {'basic': {'_meta': {'auth_url': 'http://localhost:8090/realms/odp/protocol/openid-connect/auth?client_id=airflow&amp;redi...eoyp6noLQzOyfuEISmSMLdH3gA6Ff9I7InUqO1RqvHOGCEFfEC43qK-fRQbacaOGAxkiqPKGQZOvowZ55t74vXw', 'not-before-policy': 0, ...}}
first_app = SSOApp(name='airflow', base_url='http://localhost:8080', client_id='airflow', client_secret='change_me_keycloak_airflo...lector="a:has-text('keycloak'), button:has-text('keycloak')", logout_url='http://localhost:8080/logout/', enabled=True)
write_log = &lt;function write_log.&lt;locals&gt;._write at 0x107f23310&gt;

    @pytest.mark.e2e
    def test_access_token_claim_mapping(
        sso_settings: SSOSettings,
        keycloak_metadata: dict[str, object],
        issued_tokens: dict[str, dict[str, Any]],
        first_app: SSOApp,
        write_log: object,
    ) -&gt; None:
        access_token = issued_tokens["basic"]["access_token"]
        claims = decode_jwt_claims(access_token)
    
        expected_issuer = str(keycloak_metadata["issuer"])
        assert claims.get("iss") == expected_issuer, "Unexpected issuer claim"
    
        aud_claim = claims.get("aud")
        if isinstance(aud_claim, list):
            assert aud_claim, "aud claim list is empty"
        else:
&gt;           assert isinstance(aud_claim, str) and aud_claim, "aud claim missing"
E           AssertionError: aud claim missing
E           assert (False)
E            +  where False = isinstance(None, str)

tests/sso/test_api_authorization.py:106: AssertionError</failure></testcase><testcase classname="tests.sso.test_api_authorization" name="test_keycloak_userinfo_authorization" time="0.024" /><testcase classname="tests.sso.test_api_authorization" name="test_keycloak_admin_api_requires_elevated_role" time="0.101" /><testcase classname="tests.sso.test_api_authorization" name="test_configured_protected_api_matrix" time="0.003"><skipped type="pytest.skip" message="No protected API matrix configured (SSO_API_MATRIX_JSON)">/Users/karelgoense/Documents/programming/FreshMinds_Programming/production/ai_trial/tests/sso/test_api_authorization.py:187: No protected API matrix configured (SSO_API_MATRIX_JSON)</skipped></testcase><testcase classname="tests.sso.test_browser_flows" name="test_unauthenticated_access_redirects_to_keycloak[chromium]" time="4.746"><failure message="AssertionError: airflow auth request missing code_challenge&#10;assert None&#10; +  where None = &lt;built-in method get of dict object at 0x10f5808c0&gt;('code_challenge')&#10; +    where &lt;built-in method get of dict object at 0x10f5808c0&gt; = {'response_type': 'code', 'client_id': 'airflow', 'redirect_uri': 'http://localhost:8080/oauth-authorized/keycloak', 'scope': 'openid profile email', 'state': 'eyJhbGciOiJIUzI1NiIsInR5cCI6IkpXVCJ9.eyJuZXh0IjpbImh0dHA6Ly9sb2NhbGhvc3Q6ODA4MC9ob21lIl19.gW4fwo1NXf7IND1o1BaiWxsib8kaW4zNCAENlJNglDA', 'nonce': '2ynQ9taYC4ONyPSghBuj'}.get">browser_name = 'chromium'
browser_context_factory = &lt;function browser_context_factory.&lt;locals&gt;._create at 0x10f2128b0&gt;
sso_settings = SSOSettings(repo_root=PosixPath('/Users/karelgoense/Documents/programming/FreshMinds_Programming/production/ai_trial')...ng/production/ai_trial/ops/keycloak/odp-realm.json'), session_idle_timeout_seconds=None, run_session_expiry_test=False)
write_log = &lt;function write_log.&lt;locals&gt;._write at 0x10f4c8e50&gt;

    @pytest.mark.e2e
    def test_unauthenticated_access_redirects_to_keycloak(
        browser_name: str,
        browser_context_factory: object,
        sso_settings: SSOSettings,
        write_log: object,
    ) -&gt; None:
        for app in sso_settings.apps:
            context = browser_context_factory(f"{browser_name}-{app.name}-unauth")
            page = context.new_page()
    
            auth_url = navigate_to_login(page, app, sso_settings.keycloak_base_url)
            auth_query = query_params(auth_url)
    
            assert auth_query.get("client_id") == app.client_id, f"{app.name} did not use expected client_id"
            assert auth_query.get("response_type") == "code", f"{app.name} did not use auth code flow"
    
            if sso_settings.require_pkce:
&gt;               assert auth_query.get("code_challenge"), f"{app.name} auth request missing code_challenge"
E               AssertionError: airflow auth request missing code_challenge
E               assert None
E                +  where None = &lt;built-in method get of dict object at 0x10f5808c0&gt;('code_challenge')
E                +    where &lt;built-in method get of dict object at 0x10f5808c0&gt; = {'response_type': 'code', 'client_id': 'airflow', 'redirect_uri': 'http://localhost:8080/oauth-authorized/keycloak', 'scope': 'openid profile email', 'state': 'eyJhbGciOiJIUzI1NiIsInR5cCI6IkpXVCJ9.eyJuZXh0IjpbImh0dHA6Ly9sb2NhbGhvc3Q6ODA4MC9ob21lIl19.gW4fwo1NXf7IND1o1BaiWxsib8kaW4zNCAENlJNglDA', 'nonce': '2ynQ9taYC4ONyPSghBuj'}.get

tests/sso/test_browser_flows.py:54: AssertionError</failure></testcase><testcase classname="tests.sso.test_browser_flows" name="test_login_establishes_session_for_each_app[chromium]" time="1.147"><failure message="AssertionError: airflow login did not establish Keycloak session cookie&#10;assert False&#10; +  where False = any(&lt;generator object test_login_establishes_session_for_each_app.&lt;locals&gt;.&lt;genexpr&gt; at 0x10f5b69e0&gt;)">browser_name = 'chromium'
browser_context_factory = &lt;function browser_context_factory.&lt;locals&gt;._create at 0x10f512c10&gt;
sso_settings = SSOSettings(repo_root=PosixPath('/Users/karelgoense/Documents/programming/FreshMinds_Programming/production/ai_trial')...ng/production/ai_trial/ops/keycloak/odp-realm.json'), session_idle_timeout_seconds=None, run_session_expiry_test=False)

    @pytest.mark.e2e
    def test_login_establishes_session_for_each_app(
        browser_name: str,
        browser_context_factory: object,
        sso_settings: SSOSettings,
    ) -&gt; None:
        for app in sso_settings.apps:
            context = browser_context_factory(f"{browser_name}-{app.name}-login")
            page = context.new_page()
    
            navigate_to_login(page, app, sso_settings.keycloak_base_url)
            perform_keycloak_login(page, sso_settings.basic_user.username, sso_settings.basic_user.password)
            wait_for_app_return(page, app, sso_settings.keycloak_base_url)
    
            keycloak_cookies = context.cookies(sso_settings.keycloak_base_url)
&gt;           assert any(cookie["name"].startswith("KEYCLOAK_") for cookie in keycloak_cookies), (
                f"{app.name} login did not establish Keycloak session cookie"
            )
E           AssertionError: airflow login did not establish Keycloak session cookie
E           assert False
E            +  where False = any(&lt;generator object test_login_establishes_session_for_each_app.&lt;locals&gt;.&lt;genexpr&gt; at 0x10f5b69e0&gt;)

tests/sso/test_browser_flows.py:77: AssertionError</failure></testcase><testcase classname="tests.sso.test_browser_flows" name="test_cross_app_sso_uses_existing_session[chromium]" time="4.279" /><testcase classname="tests.sso.test_browser_flows" name="test_logout_propagation_matches_expected_design[chromium]" time="1.737"><failure message="AssertionError: Logout in airflow did not require re-authentication in minio&#10;assert False">browser_name = 'chromium'
browser_context_factory = &lt;function browser_context_factory.&lt;locals&gt;._create at 0x10f5fb5e0&gt;
sso_settings = SSOSettings(repo_root=PosixPath('/Users/karelgoense/Documents/programming/FreshMinds_Programming/production/ai_trial')...ng/production/ai_trial/ops/keycloak/odp-realm.json'), session_idle_timeout_seconds=None, run_session_expiry_test=False)
app_map = {'airflow': SSOApp(name='airflow', base_url='http://localhost:8080', client_id='airflow', client_secret='change_me_key...th_callback', login_trigger_selector="button:has-text('OpenID'), a:has-text('OpenID')", logout_url=None, enabled=True)}

    @pytest.mark.e2e
    def test_logout_propagation_matches_expected_design(
        browser_name: str,
        browser_context_factory: object,
        sso_settings: SSOSettings,
        app_map: dict[str, SSOApp],
    ) -&gt; None:
        if not sso_settings.cross_app_pairs:
            pytest.skip("No cross-app pairs configured")
    
        expect_global_logout = os.getenv("SSO_EXPECT_GLOBAL_LOGOUT", "true").lower() in {"1", "true", "yes", "on"}
        source_name, target_name = sso_settings.cross_app_pairs[0]
    
        source_app = app_map[source_name]
        target_app = app_map[target_name]
    
        if not source_app.logout_url:
            pytest.skip(f"Logout URL not configured for source app '{source_app.name}'")
    
        context = browser_context_factory(f"{browser_name}-{source_name}-logout-propagation")
        page_a = context.new_page()
        navigate_to_login(page_a, source_app, sso_settings.keycloak_base_url)
        perform_keycloak_login(page_a, sso_settings.basic_user.username, sso_settings.basic_user.password)
        wait_for_app_return(page_a, source_app, sso_settings.keycloak_base_url)
    
        page_b = context.new_page()
        page_b.goto(target_app.base_url, wait_until="domcontentloaded")
        if target_app.login_trigger_selector:
            try:
                login_trigger = page_b.locator(target_app.login_trigger_selector).first
                if login_trigger.is_visible(timeout=1200):
                    login_trigger.click()
            except Exception:  # noqa: BLE001
                pass
    
        page_a.goto(source_app.logout_url, wait_until="domcontentloaded")
        page_b.goto(target_app.base_url, wait_until="domcontentloaded")
    
        reauth_required = _is_reauth_required(page_b, target_app, sso_settings.keycloak_base_url)
        if expect_global_logout:
&gt;           assert reauth_required, (
                f"Logout in {source_app.name} did not require re-authentication in {target_app.name}"
            )
E           AssertionError: Logout in airflow did not require re-authentication in minio
E           assert False

tests/sso/test_browser_flows.py:166: AssertionError</failure></testcase><testcase classname="tests.sso.test_browser_flows" name="test_session_expiry_behavior[chromium]" time="0.000"><skipped type="pytest.skip" message="Session expiry test disabled (SSO_RUN_SESSION_EXPIRY_TEST=false)">/Users/karelgoense/Documents/programming/FreshMinds_Programming/production/ai_trial/tests/sso/test_browser_flows.py:182: Session expiry test disabled (SSO_RUN_SESSION_EXPIRY_TEST=false)</skipped></testcase><testcase classname="tests.sso.test_browser_flows" name="test_mfa_prompt_or_completion[chromium]" time="0.000"><skipped type="pytest.skip" message="MFA user not configured">/Users/karelgoense/Documents/programming/FreshMinds_Programming/production/ai_trial/tests/sso/test_browser_flows.py:211: MFA user not configured</skipped></testcase><testcase classname="tests.sso.test_negative_security" name="test_redirect_uri_injection_rejected" time="0.030" /><testcase classname="tests.sso.test_negative_security" name="test_invalid_code_verifier_rejected" time="0.068" /><testcase classname="tests.sso.test_negative_security" name="test_token_substitution_audience_protection" time="0.064" /><testcase classname="tests.sso.test_negative_security" name="test_clock_skew_handling_sanity" time="0.058" /><testcase classname="tests.sso.test_negative_security" name="test_refresh_token_rotation_behavior" time="0.113"><skipped type="pytest.skip" message="Rotation expectation not configured (set SSO_EXPECT_REFRESH_ROTATION=true|false to enforce)">/Users/karelgoense/Documents/programming/FreshMinds_Programming/production/ai_trial/tests/sso/test_negative_security.py:194: Rotation expectation not configured (set SSO_EXPECT_REFRESH_ROTATION=true|false to enforce)</skipped></testcase><testcase classname="tests.sso.test_negative_security" name="test_logout_capabilities_discovery" time="0.007" /><testcase classname="tests.sso.test_smoke_config" name="test_openid_configuration_reachable_for_each_realm" time="0.009" /><testcase classname="tests.sso.test_smoke_config" name="test_jwks_endpoint_reachable_and_keys_parseable" time="0.022" /><testcase classname="tests.sso.test_smoke_config" name="test_client_redirect_uris_match_inventory" time="0.001"><failure message="AssertionError: Client 'airflow' uses wildcard webOrigins. Replace '*' with explicit origins to reduce token leakage and CORS risk.&#10;assert '*' not in {'*'}">sso_settings = SSOSettings(repo_root=PosixPath('/Users/karelgoense/Documents/programming/FreshMinds_Programming/production/ai_trial')...ng/production/ai_trial/ops/keycloak/odp-realm.json'), session_idle_timeout_seconds=None, run_session_expiry_test=False)

    @pytest.mark.e2e
    def test_client_redirect_uris_match_inventory(sso_settings: SSOSettings) -&gt; None:
        realm_import_path: Path = sso_settings.realm_import_path
        if not realm_import_path.exists():
            pytest.skip(f"Realm import file not found: {realm_import_path}")
    
        realm_payload = json.loads(realm_import_path.read_text(encoding="utf-8"))
        clients = {client["clientId"]: client for client in realm_payload.get("clients", [])}
    
        for app in sso_settings.apps:
            client = clients.get(app.client_id)
            assert client is not None, f"Client '{app.client_id}' missing from realm import file"
    
            redirect_uris = set(client.get("redirectUris", []))
            assert app.redirect_uri in redirect_uris, (
                f"{app.name} redirect URI '{app.redirect_uri}' missing for client '{app.client_id}'. "
                f"Found={sorted(redirect_uris)}"
            )
    
            if app.name in {"airflow", "datahub", "minio"}:
                web_origins = set(client.get("webOrigins", []))
&gt;               assert "*" not in web_origins, (
                    f"Client '{app.client_id}' uses wildcard webOrigins. "
                    "Replace '*' with explicit origins to reduce token leakage and CORS risk."
                )
E               AssertionError: Client 'airflow' uses wildcard webOrigins. Replace '*' with explicit origins to reduce token leakage and CORS risk.
E               assert '*' not in {'*'}

tests/sso/test_smoke_config.py:73: AssertionError</failure></testcase><testcase classname="tests.sso.test_smoke_config" name="test_auth_code_pkce_token_exchange_per_client" time="0.059"><failure message="AssertionError: Missing aud claim in access token for airflow&#10;assert 'aud' in {'exp': 1771396553, 'iat': 1771396253, 'auth_time': 1771396253, 'jti': 'e58b3e95-7ff2-4c30-b634-c6cb5d41c6d0', 'iss': 'http://localhost:8090/realms/odp', 'sub': 'd17bf29a-f67c-432f-9be5-f87df4c1c98a', 'typ': 'Bearer', 'azp': 'airflow', 'sid': '9d01a392-1c99-4e59-848b-860de807278f', 'acr': '1', 'allowed-origins': ['*'], 'scope': 'openid email profile', 'email_verified': True, 'name': 'ODP Admin', 'preferred_username': 'odp-admin', 'given_name': 'ODP', 'family_name': 'Admin', 'email': 'admin@example.com'}">sso_settings = SSOSettings(repo_root=PosixPath('/Users/karelgoense/Documents/programming/FreshMinds_Programming/production/ai_trial')...ng/production/ai_trial/ops/keycloak/odp-realm.json'), session_idle_timeout_seconds=None, run_session_expiry_test=False)
write_log = &lt;function write_log.&lt;locals&gt;._write at 0x10f6ca280&gt;

    @pytest.mark.e2e
    def test_auth_code_pkce_token_exchange_per_client(sso_settings: SSOSettings, write_log: object) -&gt; None:
        if not sso_settings.basic_user.username or not sso_settings.basic_user.password:
            pytest.skip("Basic user credentials are missing")
    
        for app in sso_settings.apps:
            tokens = fetch_tokens_auth_code_pkce(
                keycloak_base_url=sso_settings.keycloak_base_url,
                realm=sso_settings.keycloak_primary_realm,
                client_id=app.client_id,
                client_secret=app.client_secret,
                redirect_uri=app.redirect_uri,
                username=sso_settings.basic_user.username,
                password=sso_settings.basic_user.password,
            )
    
            auth_query = extract_authorization_query(str(tokens["_meta"]["auth_url"]))
            if sso_settings.require_pkce:
                assert auth_query.get("code_challenge"), f"PKCE code_challenge missing for {app.name}"
                assert auth_query.get("code_challenge_method") == "S256", f"PKCE method is not S256 for {app.name}"
    
            assert auth_query.get("response_type") == "code", f"{app.name} is not using authorization code flow"
            assert auth_query.get("client_id") == app.client_id, f"Unexpected client_id in auth flow for {app.name}"
    
            access_token = tokens.get("access_token")
            assert access_token, f"Token endpoint did not return access_token for {app.name}"
    
            claims = decode_jwt_claims(access_token)
            for required_claim in ("iss", "aud", "azp", "exp", "iat", "sub"):
&gt;               assert required_claim in claims, f"Missing {required_claim} claim in access token for {app.name}"
E               AssertionError: Missing aud claim in access token for airflow
E               assert 'aud' in {'exp': 1771396553, 'iat': 1771396253, 'auth_time': 1771396253, 'jti': 'e58b3e95-7ff2-4c30-b634-c6cb5d41c6d0', 'iss': 'http://localhost:8090/realms/odp', 'sub': 'd17bf29a-f67c-432f-9be5-f87df4c1c98a', 'typ': 'Bearer', 'azp': 'airflow', 'sid': '9d01a392-1c99-4e59-848b-860de807278f', 'acr': '1', 'allowed-origins': ['*'], 'scope': 'openid email profile', 'email_verified': True, 'name': 'ODP Admin', 'preferred_username': 'odp-admin', 'given_name': 'ODP', 'family_name': 'Admin', 'email': 'admin@example.com'}

tests/sso/test_smoke_config.py:108: AssertionError</failure></testcase><testcase classname="tests.sso.test_smoke_config" name="test_https_enforcement_when_required" time="0.000"><skipped type="pytest.skip" message="HTTPS enforcement check disabled (SSO_REQUIRE_HTTPS=false)">/Users/karelgoense/Documents/programming/FreshMinds_Programming/production/ai_trial/tests/sso/test_smoke_config.py:119: HTTPS enforcement check disabled (SSO_REQUIRE_HTTPS=false)</skipped></testcase><testcase classname="tests.sso.test_smoke_config" name="test_logout_endpoint_published" time="0.045" /></testsuite></testsuites>