<?xml version="1.0" encoding="utf-8"?><testsuites name="pytest tests"><testsuite name="pytest" errors="0" failures="0" skipped="5" tests="22" time="15.221" timestamp="2026-02-18T07:53:47.241038+01:00" hostname="Karels-MacBook-Pro.local"><testcase classname="tests.sso.test_api_authorization" name="test_access_token_claim_mapping" time="0.149" /><testcase classname="tests.sso.test_api_authorization" name="test_keycloak_userinfo_authorization" time="0.011" /><testcase classname="tests.sso.test_api_authorization" name="test_keycloak_admin_api_requires_elevated_role" time="0.012" /><testcase classname="tests.sso.test_api_authorization" name="test_configured_protected_api_matrix" time="0.004"><skipped type="pytest.skip" message="No protected API matrix configured (SSO_API_MATRIX_JSON)">/Users/karelgoense/Documents/programming/FreshMinds_Programming/production/ai_trial/tests/sso/test_api_authorization.py:187: No protected API matrix configured (SSO_API_MATRIX_JSON)</skipped></testcase><testcase classname="tests.sso.test_browser_flows" name="test_unauthenticated_access_redirects_to_keycloak[chromium]" time="3.101" /><testcase classname="tests.sso.test_browser_flows" name="test_login_establishes_session_for_each_app[chromium]" time="3.285" /><testcase classname="tests.sso.test_browser_flows" name="test_cross_app_sso_uses_existing_session[chromium]" time="3.427" /><testcase classname="tests.sso.test_browser_flows" name="test_logout_propagation_matches_expected_design[chromium]" time="4.643" /><testcase classname="tests.sso.test_browser_flows" name="test_session_expiry_behavior[chromium]" time="0.000"><skipped type="pytest.skip" message="Session expiry test disabled (SSO_RUN_SESSION_EXPIRY_TEST=false)">/Users/karelgoense/Documents/programming/FreshMinds_Programming/production/ai_trial/tests/sso/test_browser_flows.py:210: Session expiry test disabled (SSO_RUN_SESSION_EXPIRY_TEST=false)</skipped></testcase><testcase classname="tests.sso.test_browser_flows" name="test_mfa_prompt_or_completion[chromium]" time="0.001"><skipped type="pytest.skip" message="MFA user not configured">/Users/karelgoense/Documents/programming/FreshMinds_Programming/production/ai_trial/tests/sso/test_browser_flows.py:239: MFA user not configured</skipped></testcase><testcase classname="tests.sso.test_negative_security" name="test_redirect_uri_injection_rejected" time="0.030" /><testcase classname="tests.sso.test_negative_security" name="test_invalid_code_verifier_rejected" time="0.065" /><testcase classname="tests.sso.test_negative_security" name="test_token_substitution_audience_protection" time="0.052" /><testcase classname="tests.sso.test_negative_security" name="test_clock_skew_handling_sanity" time="0.063" /><testcase classname="tests.sso.test_negative_security" name="test_refresh_token_rotation_behavior" time="0.074"><skipped type="pytest.skip" message="Rotation expectation not configured (set SSO_EXPECT_REFRESH_ROTATION=true|false to enforce)">/Users/karelgoense/Documents/programming/FreshMinds_Programming/production/ai_trial/tests/sso/test_negative_security.py:194: Rotation expectation not configured (set SSO_EXPECT_REFRESH_ROTATION=true|false to enforce)</skipped></testcase><testcase classname="tests.sso.test_negative_security" name="test_logout_capabilities_discovery" time="0.006" /><testcase classname="tests.sso.test_smoke_config" name="test_openid_configuration_reachable_for_each_realm" time="0.006" /><testcase classname="tests.sso.test_smoke_config" name="test_jwks_endpoint_reachable_and_keys_parseable" time="0.012" /><testcase classname="tests.sso.test_smoke_config" name="test_client_redirect_uris_match_inventory" time="0.000" /><testcase classname="tests.sso.test_smoke_config" name="test_auth_code_pkce_token_exchange_per_client" time="0.163" /><testcase classname="tests.sso.test_smoke_config" name="test_https_enforcement_when_required" time="0.000"><skipped type="pytest.skip" message="HTTPS enforcement check disabled (SSO_REQUIRE_HTTPS=false)">/Users/karelgoense/Documents/programming/FreshMinds_Programming/production/ai_trial/tests/sso/test_smoke_config.py:119: HTTPS enforcement check disabled (SSO_REQUIRE_HTTPS=false)</skipped></testcase><testcase classname="tests.sso.test_smoke_config" name="test_logout_endpoint_published" time="0.053" /></testsuite></testsuites>